2023-04-02 22:10:39.006693 - Initialized conversion of CBT140
2023-04-02 22:10:39.207134 - Received CBT.V504.FILE140.PDS from FILE140.XMI 
2023-04-02 22:10:39.209566 - Found $$$#DATE.txt (text/plain) in CBT.V504.FILE140.PDS, moved to PDS/$$$#DATE
2023-04-02 22:10:39.210701 - Found $$INDEX.txt (text/plain) in CBT.V504.FILE140.PDS, moved to PDS/$$INDEX
2023-04-02 22:10:39.211690 - Found $INSTALL.txt (text/plain) in CBT.V504.FILE140.PDS, moved to PDS/$INSTALL
2023-04-02 22:10:39.212804 - Found $MRMCBT.jcl (text/plain) in CBT.V504.FILE140.PDS, moved to PDS/$MRMCBT
2023-04-02 22:10:39.213782 - Found $NOTES.txt (text/plain) in CBT.V504.FILE140.PDS, moved to PDS/$NOTES
2023-04-02 22:10:39.214824 - Found $OVRVIEW.txt (text/plain) in CBT.V504.FILE140.PDS, moved to PDS/$OVRVIEW
2023-04-02 22:10:39.215758 - Found @FILE140.txt (text/plain) in CBT.V504.FILE140.PDS, moved to PDS/@FILE140
2023-04-02 22:10:39.216656 - Found CRCALLOC.txt (text/plain) in CBT.V504.FILE140.PDS, moved to PDS/CRCALLOC
2023-04-02 22:10:39.217530 - Found CRCDUMP.txt (text/plain) in CBT.V504.FILE140.PDS, moved to PDS/CRCDUMP
2023-04-02 22:10:39.218374 - Found CRCLIST.txt (text/plain) in CBT.V504.FILE140.PDS, moved to PDS/CRCLIST
2023-04-02 22:10:39.219304 - Found CRCRESQ.txt (text/plain) in CBT.V504.FILE140.PDS, moved to PDS/CRCRESQ
2023-04-02 22:10:39.220244 - Found CRCRESW.txt (text/plain) in CBT.V504.FILE140.PDS, moved to PDS/CRCRESW
2023-04-02 22:10:39.221149 - Found ISRUDLP.txt (text/plain) in CBT.V504.FILE140.PDS, moved to PDS/ISRUDLP
2023-04-02 22:10:39.222050 - Found MRC01.txt (text/plain) in CBT.V504.FILE140.PDS, moved to PDS/MRC01
2023-04-02 22:10:39.223016 - Found PRCDUMP.txt (text/plain) in CBT.V504.FILE140.PDS, moved to PDS/PRCDUMP
2023-04-02 22:10:39.223973 - Found PRCDUMPT.txt (text/plain) in CBT.V504.FILE140.PDS, moved to PDS/PRCDUMPT
2023-04-02 22:10:39.224925 - Found PRCLISTT.txt (text/plain) in CBT.V504.FILE140.PDS, moved to PDS/PRCLISTT
2023-04-02 22:10:39.225779 - Found PRCLSTT2.txt (text/plain) in CBT.V504.FILE140.PDS, moved to PDS/PRCLSTT2
2023-04-02 22:10:39.226660 - Found PRCMAIN.txt (text/plain) in CBT.V504.FILE140.PDS, moved to PDS/PRCMAIN
2023-04-02 22:10:39.227603 - Found PRCMAINT.txt (text/plain) in CBT.V504.FILE140.PDS, moved to PDS/PRCMAINT
2023-04-02 22:10:39.228541 - Found PRCOVERT.txt (text/plain) in CBT.V504.FILE140.PDS, moved to PDS/PRCOVERT
2023-04-02 22:10:39.229426 - Found PRCRESQ.txt (text/plain) in CBT.V504.FILE140.PDS, moved to PDS/PRCRESQ
2023-04-02 22:10:39.230294 - Found PRCRESQT.txt (text/plain) in CBT.V504.FILE140.PDS, moved to PDS/PRCRESQT
2023-04-02 22:10:39.231269 - Found PRCRESW.txt (text/plain) in CBT.V504.FILE140.PDS, moved to PDS/PRCRESW
2023-04-02 22:10:39.232233 - Found PRCRESWT.txt (text/plain) in CBT.V504.FILE140.PDS, moved to PDS/PRCRESWT
2023-04-02 22:10:39.233183 - Found SRCDUMP.jcl (text/plain) in CBT.V504.FILE140.PDS, moved to PDS/SRCDUMP
2023-04-02 22:10:39.234077 - Found SRCRESQ.jcl (text/plain) in CBT.V504.FILE140.PDS, moved to PDS/SRCRESQ
2023-04-02 22:10:39.235103 - Found SRCRESW.jcl (text/plain) in CBT.V504.FILE140.PDS, moved to PDS/SRCRESW
2023-04-02 22:10:39.236034 - Found UTILMENU.txt (text/plain) in CBT.V504.FILE140.PDS, moved to PDS/UTILMENU
